<?xml version="1.0" encoding="UTF-8"?>
<coverage generated="1618166255">
  <project timestamp="1618166255">
    <package name="Zebrainsteam\LaravelGeneratorPackage\Builder">
      <file name="/Users/ivangarbuz/My/automrkt/backend/packages/Zebrainsteam/laravel-generator-package/src/Builder/Builder.php">
        <class name="Zebrainsteam\LaravelGeneratorPackage\Builder\Builder" namespace="Zebrainsteam\LaravelGeneratorPackage\Builder">
          <metrics complexity="19" methods="6" coveredmethods="6" conditionals="0" coveredconditionals="0" statements="31" coveredstatements="31" elements="37" coveredelements="37"/>
        </class>
        <line num="27" type="method" name="__construct" visibility="public" complexity="1" crap="1" count="7"/>
        <line num="29" type="stmt" count="7"/>
        <line num="30" type="stmt" count="7"/>
        <line num="37" type="method" name="init" visibility="public" complexity="4" crap="4" count="3"/>
        <line num="39" type="stmt" count="3"/>
        <line num="40" type="stmt" count="3"/>
        <line num="41" type="stmt" count="3"/>
        <line num="42" type="stmt" count="3"/>
        <line num="43" type="stmt" count="3"/>
        <line num="44" type="stmt" count="3"/>
        <line num="45" type="stmt" count="1"/>
        <line num="48" type="stmt" count="2"/>
        <line num="49" type="stmt" count="2"/>
        <line num="50" type="stmt" count="2"/>
        <line num="52" type="stmt" count="3"/>
        <line num="60" type="method" name="isIgnore" visibility="public" complexity="5" crap="5" count="4"/>
        <line num="62" type="stmt" count="4"/>
        <line num="63" type="stmt" count="2"/>
        <line num="65" type="stmt" count="3"/>
        <line num="66" type="stmt" count="1"/>
        <line num="68" type="stmt" count="3"/>
        <line num="75" type="method" name="initFilter" visibility="public" complexity="5" crap="5" count="7"/>
        <line num="77" type="stmt" count="7"/>
        <line num="78" type="stmt" count="2"/>
        <line num="80" type="stmt" count="5"/>
        <line num="81" type="stmt" count="5"/>
        <line num="82" type="stmt" count="5"/>
        <line num="83" type="stmt" count="1"/>
        <line num="84" type="stmt" count="1"/>
        <line num="86" type="stmt" count="5"/>
        <line num="87" type="stmt" count="5"/>
        <line num="88" type="stmt" count="5"/>
        <line num="89" type="stmt" count="5"/>
        <line num="95" type="method" name="getPackageVendor" visibility="public" complexity="2" crap="2" count="7"/>
        <line num="97" type="stmt" count="7"/>
        <line num="103" type="method" name="getPackageName" visibility="public" complexity="2" crap="2" count="6"/>
        <line num="105" type="stmt" count="6"/>
        <metrics loc="107" ncloc="84" classes="1" methods="6" coveredmethods="6" conditionals="0" coveredconditionals="0" statements="31" coveredstatements="31" elements="37" coveredelements="37"/>
      </file>
      <file name="/Users/ivangarbuz/My/automrkt/backend/packages/Zebrainsteam/laravel-generator-package/src/Builder/DirGenerator.php">
        <class name="Zebrainsteam\LaravelGeneratorPackage\Builder\DirGenerator" namespace="Zebrainsteam\LaravelGeneratorPackage\Builder">
          <metrics complexity="13" methods="7" coveredmethods="7" conditionals="0" coveredconditionals="0" statements="37" coveredstatements="37" elements="44" coveredelements="44"/>
        </class>
        <line num="15" type="method" name="make" visibility="public" complexity="1" crap="1" count="3"/>
        <line num="17" type="stmt" count="3"/>
        <line num="18" type="stmt" count="3"/>
        <line num="19" type="stmt" count="3"/>
        <line num="20" type="stmt" count="3"/>
        <line num="21" type="stmt" count="3"/>
        <line num="22" type="stmt" count="3"/>
        <line num="23" type="stmt" count="3"/>
        <line num="24" type="stmt" count="3"/>
        <line num="25" type="stmt" count="3"/>
        <line num="26" type="stmt" count="3"/>
        <line num="27" type="stmt" count="3"/>
        <line num="28" type="stmt" count="3"/>
        <line num="29" type="stmt" count="3"/>
        <line num="35" type="method" name="makeTests" visibility="public" complexity="2" crap="2" count="3"/>
        <line num="37" type="stmt" count="3"/>
        <line num="38" type="stmt" count="1"/>
        <line num="40" type="stmt" count="2"/>
        <line num="41" type="stmt" count="2"/>
        <line num="47" type="method" name="makeSeeds" visibility="public" complexity="2" crap="2" count="3"/>
        <line num="49" type="stmt" count="3"/>
        <line num="50" type="stmt" count="1"/>
        <line num="52" type="stmt" count="2"/>
        <line num="53" type="stmt" count="2"/>
        <line num="59" type="method" name="makeApi" visibility="public" complexity="2" crap="2" count="3"/>
        <line num="61" type="stmt" count="3"/>
        <line num="62" type="stmt" count="1"/>
        <line num="64" type="stmt" count="2"/>
        <line num="65" type="stmt" count="2"/>
        <line num="71" type="method" name="makeApiFrontend" visibility="public" complexity="2" crap="2" count="3"/>
        <line num="73" type="stmt" count="3"/>
        <line num="74" type="stmt" count="1"/>
        <line num="76" type="stmt" count="2"/>
        <line num="77" type="stmt" count="2"/>
        <line num="83" type="method" name="makeLaravelAdmin" visibility="public" complexity="2" crap="2" count="3"/>
        <line num="85" type="stmt" count="3"/>
        <line num="86" type="stmt" count="1"/>
        <line num="88" type="stmt" count="2"/>
        <line num="89" type="stmt" count="2"/>
        <line num="96" type="method" name="mkdir" visibility="public" complexity="2" crap="2" count="4"/>
        <line num="98" type="stmt" count="4"/>
        <line num="99" type="stmt" count="1"/>
        <line num="100" type="stmt" count="1"/>
        <line num="102" type="stmt" count="4"/>
        <metrics loc="104" ncloc="88" classes="1" methods="7" coveredmethods="7" conditionals="0" coveredconditionals="0" statements="37" coveredstatements="37" elements="44" coveredelements="44"/>
      </file>
      <file name="/Users/ivangarbuz/My/automrkt/backend/packages/Zebrainsteam/laravel-generator-package/src/Builder/FileGenerator.php">
        <class name="Zebrainsteam\LaravelGeneratorPackage\Builder\FileGenerator" namespace="Zebrainsteam\LaravelGeneratorPackage\Builder">
          <metrics complexity="8" methods="4" coveredmethods="3" conditionals="0" coveredconditionals="0" statements="31" coveredstatements="30" elements="35" coveredelements="33"/>
        </class>
        <line num="29" type="method" name="__construct" visibility="public" complexity="1" crap="1" count="3"/>
        <line num="31" type="stmt" count="3"/>
        <line num="32" type="stmt" count="3"/>
        <line num="39" type="method" name="make" visibility="public" complexity="1" crap="1" count="3"/>
        <line num="41" type="stmt" count="3"/>
        <line num="42" type="stmt" count="3"/>
        <line num="43" type="stmt" count="3"/>
        <line num="44" type="stmt" count="3"/>
        <line num="45" type="stmt" count="3"/>
        <line num="46" type="stmt" count="3"/>
        <line num="54" type="method" name="templates" visibility="public" complexity="3" crap="3.01" count="3"/>
        <line num="56" type="stmt" count="3"/>
        <line num="57" type="stmt" count="3"/>
        <line num="58" type="stmt" count="3"/>
        <line num="59" type="stmt" count="3"/>
        <line num="60" type="stmt" count="3"/>
        <line num="61" type="stmt" count="3"/>
        <line num="62" type="stmt" count="0"/>
        <line num="64" type="stmt" count="3"/>
        <line num="65" type="stmt" count="3"/>
        <line num="66" type="stmt" count="3"/>
        <line num="67" type="stmt" count="3"/>
        <line num="69" type="stmt" count="3"/>
        <line num="76" type="method" name="replacement" visibility="public" complexity="3" crap="3" count="3"/>
        <line num="78" type="stmt" count="3"/>
        <line num="79" type="stmt" count="3"/>
        <line num="88" type="stmt" count="3"/>
        <line num="89" type="stmt" count="3"/>
        <line num="90" type="stmt" count="3"/>
        <line num="91" type="stmt" count="3"/>
        <line num="92" type="stmt" count="3"/>
        <line num="93" type="stmt" count="3"/>
        <line num="94" type="stmt" count="3"/>
        <line num="95" type="stmt" count="3"/>
        <line num="97" type="stmt" count="3"/>
        <metrics loc="99" ncloc="81" classes="1" methods="4" coveredmethods="3" conditionals="0" coveredconditionals="0" statements="31" coveredstatements="30" elements="35" coveredelements="33"/>
      </file>
      <file name="/Users/ivangarbuz/My/automrkt/backend/packages/Zebrainsteam/laravel-generator-package/src/Builder/Package.php">
        <class name="Zebrainsteam\LaravelGeneratorPackage\Builder\Package" namespace="Zebrainsteam\LaravelGeneratorPackage\Builder">
          <metrics complexity="40" methods="33" coveredmethods="33" conditionals="0" coveredconditionals="0" statements="68" coveredstatements="68" elements="101" coveredelements="101"/>
        </class>
        <line num="46" type="method" name="init" visibility="public" complexity="1" crap="1" count="16"/>
        <line num="48" type="stmt" count="16"/>
        <line num="49" type="stmt" count="16"/>
        <line num="50" type="stmt" count="16"/>
        <line num="51" type="stmt" count="16"/>
        <line num="52" type="stmt" count="16"/>
        <line num="53" type="stmt" count="16"/>
        <line num="55" type="stmt" count="16"/>
        <line num="56" type="stmt" count="16"/>
        <line num="57" type="stmt" count="16"/>
        <line num="58" type="stmt" count="16"/>
        <line num="59" type="stmt" count="16"/>
        <line num="61" type="stmt" count="16"/>
        <line num="62" type="stmt" count="16"/>
        <line num="63" type="stmt" count="16"/>
        <line num="65" type="stmt" count="16"/>
        <line num="72" type="method" name="setName" visibility="public" complexity="1" crap="1" count="16"/>
        <line num="74" type="stmt" count="16"/>
        <line num="75" type="stmt" count="16"/>
        <line num="82" type="method" name="setDescription" visibility="public" complexity="1" crap="1" count="16"/>
        <line num="84" type="stmt" count="16"/>
        <line num="85" type="stmt" count="16"/>
        <line num="92" type="method" name="setPackageVendor" visibility="public" complexity="1" crap="1" count="17"/>
        <line num="94" type="stmt" count="17"/>
        <line num="95" type="stmt" count="17"/>
        <line num="102" type="method" name="setPackageName" visibility="public" complexity="1" crap="1" count="17"/>
        <line num="104" type="stmt" count="17"/>
        <line num="105" type="stmt" count="17"/>
        <line num="112" type="method" name="setModel" visibility="public" complexity="1" crap="1" count="16"/>
        <line num="114" type="stmt" count="16"/>
        <line num="115" type="stmt" count="16"/>
        <line num="122" type="method" name="setTable" visibility="public" complexity="1" crap="1" count="16"/>
        <line num="124" type="stmt" count="16"/>
        <line num="125" type="stmt" count="16"/>
        <line num="132" type="method" name="setGeneratorTests" visibility="public" complexity="1" crap="1" count="17"/>
        <line num="134" type="stmt" count="17"/>
        <line num="135" type="stmt" count="17"/>
        <line num="142" type="method" name="setGeneratorSeed" visibility="public" complexity="1" crap="1" count="17"/>
        <line num="144" type="stmt" count="17"/>
        <line num="145" type="stmt" count="17"/>
        <line num="152" type="method" name="setGeneratorApi" visibility="public" complexity="1" crap="1" count="17"/>
        <line num="154" type="stmt" count="17"/>
        <line num="155" type="stmt" count="17"/>
        <line num="162" type="method" name="setGeneratorApiFrontend" visibility="public" complexity="1" crap="1" count="17"/>
        <line num="164" type="stmt" count="17"/>
        <line num="165" type="stmt" count="17"/>
        <line num="172" type="method" name="setGeneratorLaravelAdmin" visibility="public" complexity="1" crap="1" count="17"/>
        <line num="174" type="stmt" count="17"/>
        <line num="175" type="stmt" count="17"/>
        <line num="182" type="method" name="setFields" visibility="public" complexity="4" crap="4" count="16"/>
        <line num="184" type="stmt" count="16"/>
        <line num="185" type="stmt" count="1"/>
        <line num="187" type="stmt" count="16"/>
        <line num="188" type="stmt" count="16"/>
        <line num="190" type="stmt" count="16"/>
        <line num="197" type="method" name="setForm" visibility="public" complexity="1" crap="1" count="16"/>
        <line num="199" type="stmt" count="16"/>
        <line num="200" type="stmt" count="16"/>
        <line num="207" type="method" name="setFilter" visibility="public" complexity="1" crap="1" count="16"/>
        <line num="209" type="stmt" count="16"/>
        <line num="210" type="stmt" count="16"/>
        <line num="216" type="method" name="getNamespace" visibility="public" complexity="1" crap="1" count="3"/>
        <line num="218" type="stmt" count="3"/>
        <line num="224" type="method" name="getNamespaceSlashes" visibility="public" complexity="1" crap="1" count="3"/>
        <line num="226" type="stmt" count="3"/>
        <line num="232" type="method" name="getName" visibility="public" complexity="1" crap="1" count="4"/>
        <line num="234" type="stmt" count="4"/>
        <line num="240" type="method" name="getDescripton" visibility="public" complexity="1" crap="1" count="4"/>
        <line num="242" type="stmt" count="4"/>
        <line num="248" type="method" name="getPackageVendor" visibility="public" complexity="2" crap="2" count="5"/>
        <line num="250" type="stmt" count="5"/>
        <line num="256" type="method" name="getPackageName" visibility="public" complexity="2" crap="2" count="6"/>
        <line num="258" type="stmt" count="6"/>
        <line num="264" type="method" name="getModel" visibility="public" complexity="1" crap="1" count="3"/>
        <line num="266" type="stmt" count="3"/>
        <line num="272" type="method" name="getTable" visibility="public" complexity="1" crap="1" count="3"/>
        <line num="274" type="stmt" count="3"/>
        <line num="280" type="method" name="getGeneratorTests" visibility="public" complexity="1" crap="1" count="4"/>
        <line num="282" type="stmt" count="4"/>
        <line num="288" type="method" name="getGeneratorSeed" visibility="public" complexity="1" crap="1" count="5"/>
        <line num="290" type="stmt" count="5"/>
        <line num="296" type="method" name="getGeneratorApi" visibility="public" complexity="1" crap="1" count="4"/>
        <line num="298" type="stmt" count="4"/>
        <line num="304" type="method" name="getGeneratorApiFrontend" visibility="public" complexity="1" crap="1" count="4"/>
        <line num="306" type="stmt" count="4"/>
        <line num="312" type="method" name="getGeneratorLaravelAdmin" visibility="public" complexity="1" crap="1" count="4"/>
        <line num="314" type="stmt" count="4"/>
        <line num="320" type="method" name="getFields" visibility="public" complexity="1" crap="1" count="5"/>
        <line num="322" type="stmt" count="5"/>
        <line num="328" type="method" name="getForm" visibility="public" complexity="1" crap="1" count="1"/>
        <line num="330" type="stmt" count="1"/>
        <line num="336" type="method" name="getFilter" visibility="public" complexity="1" crap="1" count="1"/>
        <line num="338" type="stmt" count="1"/>
        <line num="345" type="method" name="getPath" visibility="public" complexity="3" crap="3" count="4"/>
        <line num="347" type="stmt" count="4"/>
        <line num="348" type="stmt" count="4"/>
        <line num="355" type="method" name="spacer" visibility="public" complexity="1" crap="1" count="3"/>
        <line num="357" type="stmt" count="3"/>
        <line num="358" type="stmt" count="3"/>
        <line num="359" type="stmt" count="3"/>
        <line num="360" type="stmt" count="3"/>
        <metrics loc="362" ncloc="271" classes="1" methods="33" coveredmethods="33" conditionals="0" coveredconditionals="0" statements="68" coveredstatements="68" elements="101" coveredelements="101"/>
      </file>
    </package>
    <package name="Zebrainsteam\LaravelGeneratorPackage\Builder\Components">
      <file name="/Users/ivangarbuz/My/automrkt/backend/packages/Zebrainsteam/laravel-generator-package/src/Builder/Components/Migration.php">
        <class name="Zebrainsteam\LaravelGeneratorPackage\Builder\Components\Migration" namespace="Zebrainsteam\LaravelGeneratorPackage\Builder\Components">
          <metrics complexity="12" methods="3" coveredmethods="3" conditionals="0" coveredconditionals="0" statements="26" coveredstatements="26" elements="29" coveredelements="29"/>
        </class>
        <line num="27" type="method" name="__construct" visibility="public" complexity="1" crap="1" count="4"/>
        <line num="29" type="stmt" count="4"/>
        <line num="30" type="stmt" count="4"/>
        <line num="36" type="method" name="make" visibility="public" complexity="2" crap="2" count="3"/>
        <line num="38" type="stmt" count="3"/>
        <line num="39" type="stmt" count="3"/>
        <line num="40" type="stmt" count="3"/>
        <line num="41" type="stmt" count="3"/>
        <line num="42" type="stmt" count="3"/>
        <line num="44" type="stmt" count="3"/>
        <line num="45" type="stmt" count="3"/>
        <line num="49" type="stmt" count="3"/>
        <line num="50" type="stmt" count="3"/>
        <line num="51" type="stmt" count="3"/>
        <line num="52" type="stmt" count="3"/>
        <line num="53" type="stmt" count="3"/>
        <line num="54" type="stmt" count="3"/>
        <line num="55" type="stmt" count="3"/>
        <line num="62" type="method" name="generationField" visibility="public" complexity="9" crap="9" count="4"/>
        <line num="64" type="stmt" count="4"/>
        <line num="65" type="stmt" count="4"/>
        <line num="66" type="stmt" count="4"/>
        <line num="67" type="stmt" count="1"/>
        <line num="69" type="stmt" count="4"/>
        <line num="70" type="stmt" count="4"/>
        <line num="71" type="stmt" count="4"/>
        <line num="73" type="stmt" count="4"/>
        <line num="74" type="stmt" count="4"/>
        <line num="75" type="stmt" count="4"/>
        <metrics loc="119" ncloc="102" classes="1" methods="3" coveredmethods="3" conditionals="0" coveredconditionals="0" statements="26" coveredstatements="26" elements="29" coveredelements="29"/>
      </file>
      <file name="/Users/ivangarbuz/My/automrkt/backend/packages/Zebrainsteam/laravel-generator-package/src/Builder/Components/Model.php">
        <class name="Zebrainsteam\LaravelGeneratorPackage\Builder\Components\Model" namespace="Zebrainsteam\LaravelGeneratorPackage\Builder\Components">
          <metrics complexity="12" methods="4" coveredmethods="3" conditionals="0" coveredconditionals="0" statements="53" coveredstatements="52" elements="57" coveredelements="55"/>
        </class>
        <line num="27" type="method" name="__construct" visibility="public" complexity="1" crap="1" count="6"/>
        <line num="29" type="stmt" count="6"/>
        <line num="30" type="stmt" count="6"/>
        <line num="36" type="method" name="make" visibility="public" complexity="3" crap="3" count="3"/>
        <line num="38" type="stmt" count="3"/>
        <line num="39" type="stmt" count="3"/>
        <line num="40" type="stmt" count="3"/>
        <line num="41" type="stmt" count="3"/>
        <line num="42" type="stmt" count="3"/>
        <line num="43" type="stmt" count="3"/>
        <line num="44" type="stmt" count="3"/>
        <line num="45" type="stmt" count="3"/>
        <line num="46" type="stmt" count="3"/>
        <line num="47" type="stmt" count="3"/>
        <line num="48" type="stmt" count="3"/>
        <line num="49" type="stmt" count="3"/>
        <line num="50" type="stmt" count="3"/>
        <line num="52" type="stmt" count="3"/>
        <line num="53" type="stmt" count="3"/>
        <line num="62" type="stmt" count="3"/>
        <line num="63" type="stmt" count="3"/>
        <line num="64" type="stmt" count="3"/>
        <line num="65" type="stmt" count="3"/>
        <line num="66" type="stmt" count="3"/>
        <line num="67" type="stmt" count="3"/>
        <line num="68" type="stmt" count="3"/>
        <line num="69" type="stmt" count="3"/>
        <line num="70" type="stmt" count="3"/>
        <line num="71" type="stmt" count="3"/>
        <line num="72" type="stmt" count="3"/>
        <line num="73" type="stmt" count="3"/>
        <line num="80" type="method" name="getFunction" visibility="public" complexity="2" crap="2" count="5"/>
        <line num="82" type="stmt" count="5"/>
        <line num="83" type="stmt" count="1"/>
        <line num="84" type="stmt" count="1"/>
        <line num="90" type="stmt" count="1"/>
        <line num="91" type="stmt" count="1"/>
        <line num="92" type="stmt" count="1"/>
        <line num="93" type="stmt" count="1"/>
        <line num="94" type="stmt" count="1"/>
        <line num="95" type="stmt" count="1"/>
        <line num="96" type="stmt" count="1"/>
        <line num="98" type="stmt" count="4"/>
        <line num="105" type="method" name="getRules" visibility="public" complexity="6" crap="6.02" count="4"/>
        <line num="107" type="stmt" count="4"/>
        <line num="108" type="stmt" count="4"/>
        <line num="109" type="stmt" count="4"/>
        <line num="111" type="stmt" count="4"/>
        <line num="112" type="stmt" count="1"/>
        <line num="114" type="stmt" count="4"/>
        <line num="115" type="stmt" count="1"/>
        <line num="117" type="stmt" count="4"/>
        <line num="118" type="stmt" count="1"/>
        <line num="120" type="stmt" count="4"/>
        <line num="121" type="stmt" count="4"/>
        <line num="122" type="stmt" count="4"/>
        <line num="124" type="stmt" count="0"/>
        <metrics loc="193" ncloc="173" classes="1" methods="4" coveredmethods="3" conditionals="0" coveredconditionals="0" statements="53" coveredstatements="52" elements="57" coveredelements="55"/>
      </file>
      <file name="/Users/ivangarbuz/My/automrkt/backend/packages/Zebrainsteam/laravel-generator-package/src/Builder/Components/Seed.php">
        <class name="Zebrainsteam\LaravelGeneratorPackage\Builder\Components\Seed" namespace="Zebrainsteam\LaravelGeneratorPackage\Builder\Components">
          <metrics complexity="4" methods="2" coveredmethods="2" conditionals="0" coveredconditionals="0" statements="17" coveredstatements="17" elements="19" coveredelements="19"/>
        </class>
        <line num="26" type="method" name="__construct" visibility="public" complexity="1" crap="1" count="3"/>
        <line num="28" type="stmt" count="3"/>
        <line num="29" type="stmt" count="3"/>
        <line num="35" type="method" name="make" visibility="public" complexity="3" crap="3" count="3"/>
        <line num="37" type="stmt" count="3"/>
        <line num="39" type="stmt" count="3"/>
        <line num="40" type="stmt" count="1"/>
        <line num="43" type="stmt" count="2"/>
        <line num="44" type="stmt" count="2"/>
        <line num="45" type="stmt" count="2"/>
        <line num="46" type="stmt" count="2"/>
        <line num="48" type="stmt" count="2"/>
        <line num="49" type="stmt" count="2"/>
        <line num="53" type="stmt" count="2"/>
        <line num="54" type="stmt" count="2"/>
        <line num="55" type="stmt" count="2"/>
        <line num="56" type="stmt" count="2"/>
        <line num="57" type="stmt" count="2"/>
        <line num="58" type="stmt" count="2"/>
        <metrics loc="93" ncloc="79" classes="1" methods="2" coveredmethods="2" conditionals="0" coveredconditionals="0" statements="17" coveredstatements="17" elements="19" coveredelements="19"/>
      </file>
    </package>
    <package name="Zebrainsteam\LaravelGeneratorPackage\Commands">
      <file name="/Users/ivangarbuz/My/automrkt/backend/packages/Zebrainsteam/laravel-generator-package/src/Commands/MakeCommand.php">
        <class name="Zebrainsteam\LaravelGeneratorPackage\Commands\MakeCommand" namespace="Zebrainsteam\LaravelGeneratorPackage\Commands">
          <metrics complexity="2" methods="2" coveredmethods="2" conditionals="0" coveredconditionals="0" statements="7" coveredstatements="7" elements="9" coveredelements="9"/>
        </class>
        <line num="42" type="method" name="__construct" visibility="public" complexity="1" crap="1" count="2"/>
        <line num="44" type="stmt" count="2"/>
        <line num="45" type="stmt" count="2"/>
        <line num="52" type="method" name="handle" visibility="public" complexity="1" crap="1" count="2"/>
        <line num="54" type="stmt" count="2"/>
        <line num="55" type="stmt" count="2"/>
        <line num="56" type="stmt" count="2"/>
        <line num="57" type="stmt" count="2"/>
        <line num="58" type="stmt" count="2"/>
        <metrics loc="60" ncloc="40" classes="1" methods="2" coveredmethods="2" conditionals="0" coveredconditionals="0" statements="7" coveredstatements="7" elements="9" coveredelements="9"/>
      </file>
    </package>
    <package name="Zebrainsteam\LaravelGeneratorPackage">
      <file name="/Users/ivangarbuz/My/automrkt/backend/packages/Zebrainsteam/laravel-generator-package/src/Configuration.php">
        <class name="Zebrainsteam\LaravelGeneratorPackage\Configuration" namespace="Zebrainsteam\LaravelGeneratorPackage">
          <metrics complexity="11" methods="9" coveredmethods="9" conditionals="0" coveredconditionals="0" statements="21" coveredstatements="21" elements="30" coveredelements="30"/>
        </class>
        <line num="90" type="method" name="__construct" visibility="public" complexity="1" crap="1" count="67"/>
        <line num="92" type="stmt" count="67"/>
        <line num="93" type="stmt" count="67"/>
        <line num="94" type="stmt" count="67"/>
        <line num="99" type="method" name="load" visibility="public" complexity="3" crap="3" count="67"/>
        <line num="101" type="stmt" count="67"/>
        <line num="102" type="stmt" count="67"/>
        <line num="103" type="stmt" count="67"/>
        <line num="105" type="stmt" count="67"/>
        <line num="106" type="stmt" count="67"/>
        <line num="107" type="stmt" count="67"/>
        <line num="109" type="stmt" count="67"/>
        <line num="116" type="method" name="setGenerator" visibility="public" complexity="1" crap="1" count="67"/>
        <line num="118" type="stmt" count="67"/>
        <line num="119" type="stmt" count="67"/>
        <line num="126" type="method" name="setFields" visibility="public" complexity="1" crap="1" count="67"/>
        <line num="128" type="stmt" count="67"/>
        <line num="129" type="stmt" count="67"/>
        <line num="137" type="method" name="setField" visibility="public" complexity="1" crap="1" count="2"/>
        <line num="139" type="stmt" count="2"/>
        <line num="140" type="stmt" count="2"/>
        <line num="143" type="method" name="setBasePath" visibility="public" complexity="1" crap="1" count="67"/>
        <line num="145" type="stmt" count="67"/>
        <line num="146" type="stmt" count="67"/>
        <line num="152" type="method" name="getFields" visibility="public" complexity="1" crap="1" count="67"/>
        <line num="154" type="stmt" count="67"/>
        <line num="160" type="method" name="getGenerator" visibility="public" complexity="1" crap="1" count="67"/>
        <line num="162" type="stmt" count="67"/>
        <line num="168" type="method" name="getBasePath" visibility="public" complexity="1" crap="1" count="4"/>
        <line num="170" type="stmt" count="4"/>
        <metrics loc="172" ncloc="138" classes="1" methods="9" coveredmethods="9" conditionals="0" coveredconditionals="0" statements="21" coveredstatements="21" elements="30" coveredelements="30"/>
      </file>
      <file name="/Users/ivangarbuz/My/automrkt/backend/packages/Zebrainsteam/laravel-generator-package/src/ServiceProvider.php">
        <class name="Zebrainsteam\LaravelGeneratorPackage\ServiceProvider" namespace="Zebrainsteam\LaravelGeneratorPackage">
          <metrics complexity="5" methods="4" coveredmethods="4" conditionals="0" coveredconditionals="0" statements="16" coveredstatements="16" elements="20" coveredelements="20"/>
        </class>
        <line num="18" type="method" name="boot" visibility="public" complexity="2" crap="2" count="67"/>
        <line num="20" type="stmt" count="67"/>
        <line num="21" type="stmt" count="67"/>
        <line num="22" type="stmt" count="67"/>
        <line num="26" type="stmt" count="67"/>
        <line num="28" type="stmt" count="67"/>
        <line num="29" type="stmt" count="67"/>
        <line num="30" type="stmt" count="67"/>
        <line num="32" type="stmt" count="67"/>
        <line num="33" type="stmt" count="67"/>
        <line num="41" type="method" name="register" visibility="public" complexity="1" crap="1" count="67"/>
        <line num="44" type="stmt" count="67"/>
        <line num="45" type="stmt" count="67"/>
        <line num="47" type="stmt" count="48"/>
        <line num="48" type="stmt" count="67"/>
        <line num="49" type="stmt" count="67"/>
        <line num="54" type="method" name="configPath" visibility="protected" complexity="1" crap="1" count="67"/>
        <line num="56" type="stmt" count="67"/>
        <line num="63" type="method" name="publishPath" visibility="protected" complexity="1" crap="1" count="67"/>
        <line num="65" type="stmt" count="67"/>
        <metrics loc="67" ncloc="53" classes="1" methods="4" coveredmethods="4" conditionals="0" coveredconditionals="0" statements="16" coveredstatements="16" elements="20" coveredelements="20"/>
      </file>
    </package>
    <file name="/Users/ivangarbuz/My/automrkt/backend/packages/Zebrainsteam/laravel-generator-package/src/Contracts/FieldInterface.php">
      <metrics loc="224" ncloc="125" classes="0" methods="0" coveredmethods="0" conditionals="0" coveredconditionals="0" statements="0" coveredstatements="0" elements="0" coveredelements="0"/>
    </file>
    <package name="Zebrainsteam\LaravelGeneratorPackage\Exceptions">
      <file name="/Users/ivangarbuz/My/automrkt/backend/packages/Zebrainsteam/laravel-generator-package/src/Exceptions/FieldDoesNotExistsException.php">
        <class name="Zebrainsteam\LaravelGeneratorPackage\Exceptions\FieldDoesNotExistsException" namespace="Zebrainsteam\LaravelGeneratorPackage\Exceptions">
          <metrics complexity="0" methods="0" coveredmethods="0" conditionals="0" coveredconditionals="0" statements="0" coveredstatements="0" elements="0" coveredelements="0"/>
        </class>
        <metrics loc="10" ncloc="10" classes="0" methods="0" coveredmethods="0" conditionals="0" coveredconditionals="0" statements="0" coveredstatements="0" elements="0" coveredelements="0"/>
      </file>
    </package>
    <package name="Zebrainsteam\LaravelGeneratorPackage\Facades">
      <file name="/Users/ivangarbuz/My/automrkt/backend/packages/Zebrainsteam/laravel-generator-package/src/Facades/Field.php">
        <class name="Zebrainsteam\LaravelGeneratorPackage\Facades\Field" namespace="Zebrainsteam\LaravelGeneratorPackage\Facades">
          <metrics complexity="1" methods="1" coveredmethods="1" conditionals="0" coveredconditionals="0" statements="1" coveredstatements="1" elements="2" coveredelements="2"/>
        </class>
        <line num="12" type="method" name="getFacadeAccessor" visibility="protected" complexity="1" crap="1" count="47"/>
        <line num="14" type="stmt" count="47"/>
        <metrics loc="16" ncloc="14" classes="1" methods="1" coveredmethods="1" conditionals="0" coveredconditionals="0" statements="1" coveredstatements="1" elements="2" coveredelements="2"/>
      </file>
    </package>
    <package name="Zebrainsteam\LaravelGeneratorPackage\Form">
      <file name="/Users/ivangarbuz/My/automrkt/backend/packages/Zebrainsteam/laravel-generator-package/src/Form/Field.php">
        <class name="Zebrainsteam\LaravelGeneratorPackage\Form\Field" namespace="Zebrainsteam\LaravelGeneratorPackage\Form">
          <metrics complexity="13" methods="4" coveredmethods="4" conditionals="0" coveredconditionals="0" statements="39" coveredstatements="39" elements="43" coveredelements="43"/>
        </class>
        <line num="20" type="method" name="__construct" visibility="public" complexity="1" crap="1" count="48"/>
        <line num="22" type="stmt" count="48"/>
        <line num="23" type="stmt" count="48"/>
        <line num="31" type="method" name="findFieldClass" visibility="public" complexity="5" crap="5" count="48"/>
        <line num="33" type="stmt" count="48"/>
        <line num="34" type="stmt" count="1"/>
        <line num="36" type="stmt" count="47"/>
        <line num="37" type="stmt" count="47"/>
        <line num="38" type="stmt" count="45"/>
        <line num="40" type="stmt" count="47"/>
        <line num="41" type="stmt" count="45"/>
        <line num="43" type="stmt" count="3"/>
        <line num="54" type="method" name="__call" visibility="public" complexity="2" crap="2" count="28"/>
        <line num="56" type="stmt" count="28"/>
        <line num="58" type="stmt" count="27"/>
        <line num="60" type="stmt" count="1"/>
        <line num="69" type="method" name="loadFieldFromArray" visibility="public" complexity="5" crap="5" count="18"/>
        <line num="71" type="stmt" count="18"/>
        <line num="73" type="stmt" count="18"/>
        <line num="74" type="stmt" count="1"/>
        <line num="76" type="stmt" count="17"/>
        <line num="77" type="stmt" count="17"/>
        <line num="78" type="stmt" count="17"/>
        <line num="79" type="stmt" count="17"/>
        <line num="80" type="stmt" count="17"/>
        <line num="81" type="stmt" count="17"/>
        <line num="82" type="stmt" count="17"/>
        <line num="83" type="stmt" count="17"/>
        <line num="84" type="stmt" count="17"/>
        <line num="85" type="stmt" count="17"/>
        <line num="86" type="stmt" count="17"/>
        <line num="87" type="stmt" count="17"/>
        <line num="88" type="stmt" count="17"/>
        <line num="89" type="stmt" count="17"/>
        <line num="91" type="stmt" count="17"/>
        <line num="92" type="stmt" count="17"/>
        <line num="93" type="stmt" count="17"/>
        <line num="95" type="stmt" count="1"/>
        <line num="96" type="stmt" count="1"/>
        <line num="97" type="stmt" count="1"/>
        <line num="98" type="stmt" count="1"/>
        <line num="99" type="stmt" count="1"/>
        <line num="102" type="stmt" count="17"/>
        <metrics loc="104" ncloc="82" classes="1" methods="4" coveredmethods="4" conditionals="0" coveredconditionals="0" statements="39" coveredstatements="39" elements="43" coveredelements="43"/>
      </file>
      <file name="/Users/ivangarbuz/My/automrkt/backend/packages/Zebrainsteam/laravel-generator-package/src/Form/Filter.php">
        <class name="Zebrainsteam\LaravelGeneratorPackage\Form\Filter" namespace="Zebrainsteam\LaravelGeneratorPackage\Form">
          <metrics complexity="21" methods="15" coveredmethods="15" conditionals="0" coveredconditionals="0" statements="23" coveredstatements="23" elements="38" coveredelements="38"/>
        </class>
        <line num="40" type="method" name="__construct" visibility="public" complexity="1" crap="1" count="48"/>
        <line num="42" type="stmt" count="48"/>
        <line num="43" type="stmt" count="48"/>
        <line num="49" type="method" name="nullable" visibility="public" complexity="1" crap="1" count="19"/>
        <line num="51" type="stmt" count="19"/>
        <line num="52" type="stmt" count="19"/>
        <line num="59" type="method" name="unique" visibility="public" complexity="1" crap="1" count="19"/>
        <line num="61" type="stmt" count="19"/>
        <line num="62" type="stmt" count="19"/>
        <line num="69" type="method" name="setType" visibility="public" complexity="1" crap="1" count="43"/>
        <line num="71" type="stmt" count="43"/>
        <line num="72" type="stmt" count="43"/>
        <line num="79" type="method" name="setMask" visibility="public" complexity="2" crap="2" count="18"/>
        <line num="81" type="stmt" count="18"/>
        <line num="82" type="stmt" count="18"/>
        <line num="89" type="method" name="required" visibility="public" complexity="1" crap="1" count="20"/>
        <line num="91" type="stmt" count="20"/>
        <line num="92" type="stmt" count="20"/>
        <line num="99" type="method" name="max" visibility="public" complexity="2" crap="2" count="20"/>
        <line num="101" type="stmt" count="20"/>
        <line num="102" type="stmt" count="20"/>
        <line num="109" type="method" name="min" visibility="public" complexity="2" crap="2" count="20"/>
        <line num="111" type="stmt" count="20"/>
        <line num="112" type="stmt" count="20"/>
        <line num="118" type="method" name="getType" visibility="public" complexity="1" crap="1" count="7"/>
        <line num="120" type="stmt" count="7"/>
        <line num="126" type="method" name="getMask" visibility="public" complexity="2" crap="2" count="1"/>
        <line num="128" type="stmt" count="1"/>
        <line num="134" type="method" name="getRequired" visibility="public" complexity="1" crap="1" count="6"/>
        <line num="136" type="stmt" count="6"/>
        <line num="142" type="method" name="getMax" visibility="public" complexity="2" crap="2" count="6"/>
        <line num="144" type="stmt" count="6"/>
        <line num="150" type="method" name="getMin" visibility="public" complexity="2" crap="2" count="6"/>
        <line num="152" type="stmt" count="6"/>
        <line num="158" type="method" name="getNullable" visibility="public" complexity="1" crap="1" count="6"/>
        <line num="160" type="stmt" count="6"/>
        <line num="166" type="method" name="getUnique" visibility="public" complexity="1" crap="1" count="6"/>
        <line num="168" type="stmt" count="6"/>
        <metrics loc="170" ncloc="124" classes="1" methods="15" coveredmethods="15" conditionals="0" coveredconditionals="0" statements="23" coveredstatements="23" elements="38" coveredelements="38"/>
      </file>
    </package>
    <package name="Zebrainsteam\LaravelGeneratorPackage\Form\Fields">
      <file name="/Users/ivangarbuz/My/automrkt/backend/packages/Zebrainsteam/laravel-generator-package/src/Form/Fields/FieldAbstract.php">
        <class name="Zebrainsteam\LaravelGeneratorPackage\Form\Fields\FieldAbstract" namespace="Zebrainsteam\LaravelGeneratorPackage\Form\Fields">
          <metrics complexity="58" methods="38" coveredmethods="38" conditionals="0" coveredconditionals="0" statements="65" coveredstatements="65" elements="103" coveredelements="103"/>
        </class>
        <line num="46" type="method" name="init" visibility="public" complexity="6" crap="6" count="44"/>
        <line num="48" type="stmt" count="44"/>
        <line num="49" type="stmt" count="1"/>
        <line num="51" type="stmt" count="43"/>
        <line num="52" type="stmt" count="1"/>
        <line num="54" type="stmt" count="42"/>
        <line num="55" type="stmt" count="42"/>
        <line num="56" type="stmt" count="42"/>
        <line num="58" type="stmt" count="42"/>
        <line num="59" type="stmt" count="42"/>
        <line num="66" type="method" name="setLabel" visibility="public" complexity="1" crap="1" count="42"/>
        <line num="68" type="stmt" count="42"/>
        <line num="69" type="stmt" count="42"/>
        <line num="76" type="method" name="setType" visibility="public" complexity="1" crap="1" count="42"/>
        <line num="78" type="stmt" count="42"/>
        <line num="79" type="stmt" count="42"/>
        <line num="86" type="method" name="setCast" visibility="public" complexity="1" crap="1" count="40"/>
        <line num="88" type="stmt" count="40"/>
        <line num="89" type="stmt" count="40"/>
        <line num="96" type="method" name="setMask" visibility="public" complexity="2" crap="2" count="18"/>
        <line num="98" type="stmt" count="18"/>
        <line num="99" type="stmt" count="18"/>
        <line num="106" type="method" name="setPlaceholder" visibility="public" complexity="2" crap="2" count="18"/>
        <line num="108" type="stmt" count="18"/>
        <line num="109" type="stmt" count="18"/>
        <line num="116" type="method" name="max" visibility="public" complexity="2" crap="2" count="19"/>
        <line num="118" type="stmt" count="19"/>
        <line num="119" type="stmt" count="19"/>
        <line num="126" type="method" name="min" visibility="public" complexity="2" crap="2" count="19"/>
        <line num="128" type="stmt" count="19"/>
        <line num="129" type="stmt" count="19"/>
        <line num="136" type="method" name="default" visibility="public" complexity="1" crap="1" count="18"/>
        <line num="138" type="stmt" count="18"/>
        <line num="139" type="stmt" count="18"/>
        <line num="146" type="method" name="setParam" visibility="public" complexity="1" crap="1" count="18"/>
        <line num="148" type="stmt" count="18"/>
        <line num="149" type="stmt" count="18"/>
        <line num="160" type="method" name="references" visibility="public" complexity="3" crap="3" count="5"/>
        <line num="162" type="stmt" count="5"/>
        <line num="163" type="stmt" count="1"/>
        <line num="165" type="stmt" count="4"/>
        <line num="166" type="stmt" count="4"/>
        <line num="172" type="method" name="referencesDisabled" visibility="public" complexity="1" crap="1" count="1"/>
        <line num="174" type="stmt" count="1"/>
        <line num="175" type="stmt" count="1"/>
        <line num="182" type="method" name="required" visibility="public" complexity="1" crap="1" count="19"/>
        <line num="184" type="stmt" count="19"/>
        <line num="185" type="stmt" count="19"/>
        <line num="192" type="method" name="index" visibility="public" complexity="1" crap="1" count="18"/>
        <line num="194" type="stmt" count="18"/>
        <line num="195" type="stmt" count="18"/>
        <line num="202" type="method" name="nullable" visibility="public" complexity="1" crap="1" count="18"/>
        <line num="204" type="stmt" count="18"/>
        <line num="205" type="stmt" count="18"/>
        <line num="212" type="method" name="fillable" visibility="public" complexity="1" crap="1" count="18"/>
        <line num="214" type="stmt" count="18"/>
        <line num="215" type="stmt" count="18"/>
        <line num="222" type="method" name="unique" visibility="public" complexity="1" crap="1" count="18"/>
        <line num="224" type="stmt" count="18"/>
        <line num="225" type="stmt" count="18"/>
        <line num="232" type="method" name="hidden" visibility="public" complexity="1" crap="1" count="18"/>
        <line num="234" type="stmt" count="18"/>
        <line num="235" type="stmt" count="18"/>
        <line num="241" type="method" name="getLabel" visibility="public" complexity="1" crap="1" count="5"/>
        <line num="243" type="stmt" count="5"/>
        <line num="249" type="method" name="getColumn" visibility="public" complexity="1" crap="1" count="11"/>
        <line num="251" type="stmt" count="11"/>
        <line num="257" type="method" name="getType" visibility="public" complexity="1" crap="1" count="6"/>
        <line num="259" type="stmt" count="6"/>
        <line num="265" type="method" name="getCast" visibility="public" complexity="2" crap="2" count="4"/>
        <line num="267" type="stmt" count="4"/>
        <line num="273" type="method" name="getMask" visibility="public" complexity="2" crap="2" count="1"/>
        <line num="275" type="stmt" count="1"/>
        <line num="281" type="method" name="getReferencesModel" visibility="public" complexity="2" crap="2" count="2"/>
        <line num="283" type="stmt" count="2"/>
        <line num="289" type="method" name="getReferencesTable" visibility="public" complexity="2" crap="2" count="6"/>
        <line num="291" type="stmt" count="6"/>
        <line num="297" type="method" name="getReferencesField" visibility="public" complexity="2" crap="2" count="7"/>
        <line num="299" type="stmt" count="7"/>
        <line num="305" type="method" name="getReferencesHas" visibility="public" complexity="1" crap="1" count="2"/>
        <line num="307" type="stmt" count="2"/>
        <line num="313" type="method" name="getPlaceholder" visibility="public" complexity="2" crap="2" count="1"/>
        <line num="315" type="stmt" count="1"/>
        <line num="321" type="method" name="getDefault" visibility="public" complexity="1" crap="1" count="5"/>
        <line num="323" type="stmt" count="5"/>
        <line num="329" type="method" name="isFillable" visibility="public" complexity="1" crap="1" count="1"/>
        <line num="331" type="stmt" count="1"/>
        <line num="337" type="method" name="getMax" visibility="public" complexity="2" crap="2" count="5"/>
        <line num="339" type="stmt" count="5"/>
        <line num="345" type="method" name="getMin" visibility="public" complexity="2" crap="2" count="5"/>
        <line num="347" type="stmt" count="5"/>
        <line num="353" type="method" name="getParam" visibility="public" complexity="2" crap="2" count="1"/>
        <line num="355" type="stmt" count="1"/>
        <line num="361" type="method" name="isHidden" visibility="public" complexity="1" crap="1" count="4"/>
        <line num="363" type="stmt" count="4"/>
        <line num="369" type="method" name="isRequired" visibility="public" complexity="1" crap="1" count="5"/>
        <line num="371" type="stmt" count="5"/>
        <line num="377" type="method" name="isIndex" visibility="public" complexity="1" crap="1" count="5"/>
        <line num="379" type="stmt" count="5"/>
        <line num="385" type="method" name="isNullable" visibility="public" complexity="1" crap="1" count="5"/>
        <line num="387" type="stmt" count="5"/>
        <line num="393" type="method" name="isUnique" visibility="public" complexity="1" crap="1" count="5"/>
        <line num="395" type="stmt" count="5"/>
        <metrics loc="397" ncloc="290" classes="1" methods="38" coveredmethods="38" conditionals="0" coveredconditionals="0" statements="65" coveredstatements="65" elements="103" coveredelements="103"/>
      </file>
      <file name="/Users/ivangarbuz/My/automrkt/backend/packages/Zebrainsteam/laravel-generator-package/src/Form/Fields/FloatField.php">
        <class name="Zebrainsteam\LaravelGeneratorPackage\Form\Fields\FloatField" namespace="Zebrainsteam\LaravelGeneratorPackage\Form\Fields">
          <metrics complexity="1" methods="1" coveredmethods="1" conditionals="0" coveredconditionals="0" statements="3" coveredstatements="3" elements="4" coveredelements="4"/>
        </class>
        <line num="18" type="method" name="init" visibility="public" complexity="1" crap="1" count="2"/>
        <line num="20" type="stmt" count="2"/>
        <line num="21" type="stmt" count="2"/>
        <line num="22" type="stmt" count="2"/>
        <metrics loc="24" ncloc="19" classes="1" methods="1" coveredmethods="1" conditionals="0" coveredconditionals="0" statements="3" coveredstatements="3" elements="4" coveredelements="4"/>
      </file>
      <file name="/Users/ivangarbuz/My/automrkt/backend/packages/Zebrainsteam/laravel-generator-package/src/Form/Fields/IntegerField.php">
        <class name="Zebrainsteam\LaravelGeneratorPackage\Form\Fields\IntegerField" namespace="Zebrainsteam\LaravelGeneratorPackage\Form\Fields">
          <metrics complexity="1" methods="1" coveredmethods="1" conditionals="0" coveredconditionals="0" statements="4" coveredstatements="4" elements="5" coveredelements="5"/>
        </class>
        <line num="18" type="method" name="init" visibility="public" complexity="1" crap="1" count="1"/>
        <line num="20" type="stmt" count="1"/>
        <line num="21" type="stmt" count="1"/>
        <line num="22" type="stmt" count="1"/>
        <line num="23" type="stmt" count="1"/>
        <metrics loc="25" ncloc="20" classes="1" methods="1" coveredmethods="1" conditionals="0" coveredconditionals="0" statements="4" coveredstatements="4" elements="5" coveredelements="5"/>
      </file>
      <file name="/Users/ivangarbuz/My/automrkt/backend/packages/Zebrainsteam/laravel-generator-package/src/Form/Fields/StringField.php">
        <class name="Zebrainsteam\LaravelGeneratorPackage\Form\Fields\StringField" namespace="Zebrainsteam\LaravelGeneratorPackage\Form\Fields">
          <metrics complexity="1" methods="1" coveredmethods="1" conditionals="0" coveredconditionals="0" statements="4" coveredstatements="4" elements="5" coveredelements="5"/>
        </class>
        <line num="18" type="method" name="init" visibility="public" complexity="1" crap="1" count="1"/>
        <line num="20" type="stmt" count="1"/>
        <line num="21" type="stmt" count="1"/>
        <line num="22" type="stmt" count="1"/>
        <line num="23" type="stmt" count="1"/>
        <metrics loc="25" ncloc="20" classes="1" methods="1" coveredmethods="1" conditionals="0" coveredconditionals="0" statements="4" coveredstatements="4" elements="5" coveredelements="5"/>
      </file>
      <file name="/Users/ivangarbuz/My/automrkt/backend/packages/Zebrainsteam/laravel-generator-package/src/Form/Fields/TextField.php">
        <class name="Zebrainsteam\LaravelGeneratorPackage\Form\Fields\TextField" namespace="Zebrainsteam\LaravelGeneratorPackage\Form\Fields">
          <metrics complexity="1" methods="1" coveredmethods="1" conditionals="0" coveredconditionals="0" statements="4" coveredstatements="4" elements="5" coveredelements="5"/>
        </class>
        <line num="18" type="method" name="init" visibility="public" complexity="1" crap="1" count="40"/>
        <line num="20" type="stmt" count="40"/>
        <line num="21" type="stmt" count="38"/>
        <line num="22" type="stmt" count="38"/>
        <line num="23" type="stmt" count="38"/>
        <metrics loc="25" ncloc="20" classes="1" methods="1" coveredmethods="1" conditionals="0" coveredconditionals="0" statements="4" coveredstatements="4" elements="5" coveredelements="5"/>
      </file>
    </package>
    <package name="Zebrainsteam\LaravelGeneratorPackage\Models">
      <file name="/Users/ivangarbuz/My/automrkt/backend/packages/Zebrainsteam/laravel-generator-package/src/Models/Dict.php">
        <class name="Zebrainsteam\LaravelGeneratorPackage\Models\Dict" namespace="Zebrainsteam\LaravelGeneratorPackage\Models">
          <metrics complexity="1" methods="1" coveredmethods="0" conditionals="0" coveredconditionals="0" statements="1" coveredstatements="0" elements="2" coveredelements="0"/>
        </class>
        <line num="55" type="method" name="options" visibility="public" complexity="1" crap="2" count="0"/>
        <line num="57" type="stmt" count="0"/>
        <metrics loc="59" ncloc="41" classes="1" methods="1" coveredmethods="0" conditionals="0" coveredconditionals="0" statements="1" coveredstatements="0" elements="2" coveredelements="0"/>
      </file>
      <file name="/Users/ivangarbuz/My/automrkt/backend/packages/Zebrainsteam/laravel-generator-package/src/Models/DictOption.php">
        <class name="Zebrainsteam\LaravelGeneratorPackage\Models\DictOption" namespace="Zebrainsteam\LaravelGeneratorPackage\Models">
          <metrics complexity="1" methods="1" coveredmethods="0" conditionals="0" coveredconditionals="0" statements="1" coveredstatements="0" elements="2" coveredelements="0"/>
        </class>
        <line num="61" type="method" name="dict" visibility="public" complexity="1" crap="2" count="0"/>
        <line num="63" type="stmt" count="0"/>
        <metrics loc="65" ncloc="47" classes="1" methods="1" coveredmethods="0" conditionals="0" coveredconditionals="0" statements="1" coveredstatements="0" elements="2" coveredelements="0"/>
      </file>
    </package>
    <metrics files="22" loc="2520" ncloc="1921" classes="20" methods="138" coveredmethods="134" conditionals="0" coveredconditionals="0" statements="452" coveredstatements="448" elements="590" coveredelements="582"/>
  </project>
</coverage>
